# JRE version: OpenJDK Runtime Environment (8.0_152-b12) (build 1.8.0_152-release-915-b12)
# Java VM: OpenJDK 64-Bit Server VM (25.152-b12 mixed mode linux-amd64 compressed oops)
Heap:
 par new generation   total 39296K, used 8291K [0x00000000d1200000, 0x00000000d3ca0000, 0x00000000db860000)
  eden space 34944K,  15% used [0x00000000d1200000, 0x00000000d1729510, 0x00000000d3420000)
  from space 4352K,  69% used [0x00000000d3860000, 0x00000000d3b4f7d8, 0x00000000d3ca0000)
  to   space 4352K,   0% used [0x00000000d3420000, 0x00000000d3420000, 0x00000000d3860000)
 concurrent mark-sweep generation total 152348K, used 91812K [0x00000000db860000, 0x00000000e4d27000, 0x0000000100000000)
 Metaspace       used 111559K, capacity 117734K, committed 117840K, reserved 1150976K
  class space    used 15022K, capacity 16460K, committed 16548K, reserved 1048576K
GC Heap History (10 events):
Event: 94.691 GC heap before
{Heap before GC invocations=22 (full 4):
 par new generation   total 39296K, used 39296K [0x00000000d1200000, 0x00000000d3ca0000, 0x00000000db860000)
  eden space 34944K, 100% used [0x00000000d1200000, 0x00000000d3420000, 0x00000000d3420000)
  from space 4352K, 100% used [0x00000000d3420000, 0x00000000d3860000, 0x00000000d3860000)
  to   space 4352K,   0% used [0x00000000d3860000, 0x00000000d3860000, 0x00000000d3ca0000)
 concurrent mark-sweep generation total 87424K, used 77480K [0x00000000db860000, 0x00000000e0dc0000, 0x0000000100000000)
 Metaspace       used 106270K, capacity 111882K, committed 111952K, reserved 1144832K
  class space    used 14390K, capacity 15745K, committed 15780K, reserved 1048576K
Event: 94.807 GC heap after
Heap after GC invocations=23 (full 4):
 par new generation   total 39296K, used 4352K [0x00000000d1200000, 0x00000000d3ca0000, 0x00000000db860000)
  eden space 34944K,   0% used [0x00000000d1200000, 0x00000000d1200000, 0x00000000d3420000)
  from space 4352K, 100% used [0x00000000d3860000, 0x00000000d3ca0000, 0x00000000d3ca0000)
  to   space 4352K,   0% used [0x00000000d3420000, 0x00000000d3420000, 0x00000000d3860000)
 concurrent mark-sweep generation total 96064K, used 95020K [0x00000000db860000, 0x00000000e1630000, 0x0000000100000000)
 Metaspace       used 106270K, capacity 111882K, committed 111952K, reserved 1144832K
  class space    used 14390K, capacity 15745K, committed 15780K, reserved 1048576K
}
Event: 95.521 GC heap before
{Heap before GC invocations=23 (full 4):
 par new generation   total 39296K, used 39296K [0x00000000d1200000, 0x00000000d3ca0000, 0x00000000db860000)
  eden space 34944K, 100% used [0x00000000d1200000, 0x00000000d3420000, 0x00000000d3420000)
  from space 4352K, 100% used [0x00000000d3860000, 0x00000000d3ca0000, 0x00000000d3ca0000)
  to   space 4352K,   0% used [0x00000000d3420000, 0x00000000d3420000, 0x00000000d3860000)
 concurrent mark-sweep generation total 96064K, used 95020K [0x00000000db860000, 0x00000000e1630000, 0x0000000100000000)
 Metaspace       used 106465K, capacity 112090K, committed 112208K, reserved 1146880K
  class space    used 14415K, capacity 15759K, committed 15780K, reserved 1048576K
Event: 95.571 GC heap after
Heap after GC invocations=24 (full 4):
 par new generation   total 39296K, used 4128K [0x00000000d1200000, 0x00000000d3ca0000, 0x00000000db860000)
  eden space 34944K,   0% used [0x00000000d1200000, 0x00000000d1200000, 0x00000000d3420000)
  from space 4352K,  94% used [0x00000000d3420000, 0x00000000d38283e8, 0x00000000d3860000)
  to   space 4352K,   0% used [0x00000000d3860000, 0x00000000d3860000, 0x00000000d3ca0000)
 concurrent mark-sweep generation total 100340K, used 99371K [0x00000000db860000, 0x00000000e1a5d000, 0x0000000100000000)
 Metaspace       used 106465K, capacity 112090K, committed 112208K, reserved 1146880K
  class space    used 14415K, capacity 15759K, committed 15780K, reserved 1048576K
}
Event: 98.374 GC heap before
{Heap before GC invocations=24 (full 5):
 par new generation   total 39296K, used 39072K [0x00000000d1200000, 0x00000000d3ca0000, 0x00000000db860000)
  eden space 34944K, 100% used [0x00000000d1200000, 0x00000000d3420000, 0x00000000d3420000)
  from space 4352K,  94% used [0x00000000d3420000, 0x00000000d38283e8, 0x00000000d3860000)
  to   space 4352K,   0% used [0x00000000d3860000, 0x00000000d3860000, 0x00000000d3ca0000)
 concurrent mark-sweep generation total 152348K, used 91406K [0x00000000db860000, 0x00000000e4d27000, 0x0000000100000000)
 Metaspace       used 108762K, capacity 114660K, committed 114896K, reserved 1148928K
  class space    used 14713K, capacity 16045K, committed 16164K, reserved 1048576K
Event: 98.407 GC heap after
Heap after GC invocations=25 (full 5):
 par new generation   total 39296K, used 4352K [0x00000000d1200000, 0x00000000d3ca0000, 0x00000000db860000)
  eden space 34944K,   0% used [0x00000000d1200000, 0x00000000d1200000, 0x00000000d3420000)
  from space 4352K, 100% used [0x00000000d3860000, 0x00000000d3ca0000, 0x00000000d3ca0000)
  to   space 4352K,   0% used [0x00000000d3420000, 0x00000000d3420000, 0x00000000d3860000)
 concurrent mark-sweep generation total 152348K, used 96053K [0x00000000db860000, 0x00000000e4d27000, 0x0000000100000000)
 Metaspace       used 108762K, capacity 114660K, committed 114896K, reserved 1148928K
  class space    used 14713K, capacity 16045K, committed 16164K, reserved 1048576K
}
Event: 103.891 GC heap before
{Heap before GC invocations=25 (full 5):
 par new generation   total 39296K, used 39296K [0x00000000d1200000, 0x00000000d3ca0000, 0x00000000db860000)
  eden space 34944K, 100% used [0x00000000d1200000, 0x00000000d3420000, 0x00000000d3420000)
  from space 4352K, 100% used [0x00000000d3860000, 0x00000000d3ca0000, 0x00000000d3ca0000)
  to   space 4352K,   0% used [0x00000000d3420000, 0x00000000d3420000, 0x00000000d3860000)
 concurrent mark-sweep generation total 152348K, used 84322K [0x00000000db860000, 0x00000000e4d27000, 0x0000000100000000)
 Metaspace       used 110907K, capacity 117090K, committed 117328K, reserved 1150976K
  class space    used 14989K, capacity 16422K, committed 16548K, reserved 1048576K
Event: 103.918 GC heap after
Heap after GC invocations=26 (full 5):
 par new generation   total 39296K, used 4352K [0x00000000d1200000, 0x00000000d3ca0000, 0x00000000db860000)
  eden space 34944K,   0% used [0x00000000d1200000, 0x00000000d1200000, 0x00000000d3420000)
  from space 4352K, 100% used [0x00000000d3420000, 0x00000000d3860000, 0x00000000d3860000)
  to   space 4352K,   0% used [0x00000000d3860000, 0x00000000d3860000, 0x00000000d3ca0000)
 concurrent mark-sweep generation total 152348K, used 89256K [0x00000000db860000, 0x00000000e4d27000, 0x0000000100000000)
 Metaspace       used 110907K, capacity 117090K, committed 117328K, reserved 1150976K
  class space    used 14989K, capacity 16422K, committed 16548K, reserved 1048576K
}
Event: 2152.328 GC heap before
{Heap before GC invocations=26 (full 5):
 par new generation   total 39296K, used 39296K [0x00000000d1200000, 0x00000000d3ca0000, 0x00000000db860000)
  eden space 34944K, 100% used [0x00000000d1200000, 0x00000000d3420000, 0x00000000d3420000)
  from space 4352K, 100% used [0x00000000d3420000, 0x00000000d3860000, 0x00000000d3860000)
  to   space 4352K,   0% used [0x00000000d3860000, 0x00000000d3860000, 0x00000000d3ca0000)
 concurrent mark-sweep generation total 152348K, used 89256K [0x00000000db860000, 0x00000000e4d27000, 0x0000000100000000)
 Metaspace       used 111487K, capacity 117702K, committed 117840K, reserved 1150976K
  class space    used 15005K, capacity 16428K, committed 16548K, reserved 1048576K
Event: 2152.338 GC heap after
Heap after GC invocations=27 (full 5):
 par new generation   total 39296K, used 3005K [0x00000000d1200000, 0x00000000d3ca0000, 0x00000000db860000)
  eden space 34944K,   0% used [0x00000000d1200000, 0x00000000d1200000, 0x00000000d3420000)
  from space 4352K,  69% used [0x00000000d3860000, 0x00000000d3b4f7d8, 0x00000000d3ca0000)
  to   space 4352K,   0% used [0x00000000d3420000, 0x00000000d3420000, 0x00000000d3860000)
 concurrent mark-sweep generation total 152348K, used 91812K [0x00000000db860000, 0x00000000e4d27000, 0x0000000100000000)
 Metaspace       used 111487K, capacity 117702K, committed 117840K, reserved 1150976K
  class space    used 15005K, capacity 16428K, committed 16548K, reserved 1048576K
}

